<?xml version="1.0" encoding="UTF-8"?>
<!-- Generated by org.testng.reporters.JUnitReportReporter -->
<testsuite hostname="KSB" failures="0" tests="1" name="testing_baba_test.Login_Page_Test" time="0.042" errors="0" timestamp="2022-08-11T12:00:09 IST" skipped="0">
  <testcase classname="testing_baba_test.Login_Page_Test" name="test1" time="0.042"/>
  <system-out/>
</testsuite> <!-- testing_baba_test.Login_Page_Test -->
