<?xml version="1.0" encoding="UTF-8"?>
<!-- Generated by org.testng.reporters.JUnitReportReporter -->
<testsuite hostname="KSB" failures="0" tests="2" name="testing_baba_test.SignIn_Test" time="15.646" errors="0" timestamp="2022-08-18T14:25:41 IST" skipped="0">
  <testcase classname="testing_baba_test.SignIn_Test" name="test_signIn" time="8.842"/>
  <system-out/>
  <testcase classname="testing_baba_test.SignIn_Test" name="test_forgot" time="6.804"/>
  <system-out/>
</testsuite> <!-- testing_baba_test.SignIn_Test -->
