<?xml version="1.0" encoding="UTF-8"?>
<!-- Generated by org.testng.reporters.JUnitReportReporter -->
<testsuite hostname="KSB" failures="0" tests="2" name="testing_baba_test.Rediff_SignUp_Test" time="8.671" errors="0" timestamp="2022-08-18T07:29:41 IST" skipped="0">
  <testcase classname="testing_baba_test.Rediff_SignUp_Test" name="test2" time="8.597"/>
  <system-out/>
  <testcase classname="testing_baba_test.Rediff_SignUp_Test" name="test1" time="0.074"/>
  <system-out/>
</testsuite> <!-- testing_baba_test.Rediff_SignUp_Test -->
