<?xml version="1.0" encoding="UTF-8"?>
<!-- Generated by org.testng.reporters.JUnitReportReporter -->
<testsuite hostname="KSB" failures="0" tests="2" name="action_tests.DynaButton_Image_Test" time="7.027" errors="0" timestamp="2022-08-20T14:03:13 IST" skipped="0">
  <testcase classname="action_tests.DynaButton_Image_Test" name="check_dynamic" time="6.468"/>
  <system-out/>
  <testcase classname="action_tests.DynaButton_Image_Test" name="broken_image" time="0.559"/>
  <system-out/>
</testsuite> <!-- action_tests.DynaButton_Image_Test -->
