<?xml version="1.0" encoding="UTF-8"?>
<!-- Generated by org.testng.reporters.JUnitReportReporter -->
<testsuite hostname="KSB" failures="0" tests="2" name="action_tests.Tab_Handle_Test" time="16.010" errors="0" timestamp="2022-08-23T08:53:45 IST" skipped="1">
  <testcase classname="action_tests.Tab_Handle_Test" name="new_tab" time="16.010"/>
  <system-out/>
  <testcase classname="action_tests.Tab_Handle_Test" name="new_win">
    <skipped/>
  </testcase> <!-- new_win -->
  <system-out/>
</testsuite> <!-- action_tests.Tab_Handle_Test -->
