<?xml version="1.0" encoding="UTF-8"?>
<!-- Generated by org.testng.reporters.JUnitReportReporter -->
<testsuite hostname="KSB" failures="0" tests="2" name="action_tests.Rediff_SignUp_Test" time="31.991" errors="0" timestamp="2022-09-08T15:23:18 IST" skipped="0">
  <testcase classname="action_tests.Rediff_SignUp_Test" name="test1" time="12.834"/>
  <system-out/>
  <testcase classname="action_tests.Rediff_SignUp_Test" name="test2" time="19.157"/>
  <system-out/>
</testsuite> <!-- action_tests.Rediff_SignUp_Test -->
