<?xml version="1.0" encoding="UTF-8"?>
<!-- Generated by org.testng.reporters.JUnitReportReporter -->
<testsuite hostname="KSB" failures="0" tests="1" name="action_tests.Login_Page_Test" time="0.030" errors="0" timestamp="2022-08-23T08:53:45 IST" skipped="0">
  <testcase classname="action_tests.Login_Page_Test" name="test1" time="0.030"/>
  <system-out/>
</testsuite> <!-- action_tests.Login_Page_Test -->
