<?xml version="1.0" encoding="UTF-8"?>
<!-- Generated by org.testng.reporters.JUnitReportReporter -->
<testsuite hostname="KSB" failures="0" tests="1" name="testing_baba_test.File_Down_Test" time="33.926" errors="0" timestamp="2022-08-18T18:38:48 IST" skipped="0">
  <testcase classname="testing_baba_test.File_Down_Test" name="download_test" time="33.926"/>
  <system-out/>
</testsuite> <!-- testing_baba_test.File_Down_Test -->
